# JRE version: OpenJDK Runtime Environment (8.0_212-b04) (build 1.8.0_212-release-1586-b04)
# Java VM: OpenJDK 64-Bit Server VM (25.212-b04 mixed mode windows-amd64 compressed oops)
Heap:
 PSYoungGen      total 323584K, used 163157K [0x00000000e0000000, 0x00000000f7580000, 0x0000000100000000)
  eden space 292864K, 49% used [0x00000000e0000000,0x00000000e8e909c8,0x00000000f1e00000)
  from space 30720K, 55% used [0x00000000f1e00000,0x00000000f2ec4d08,0x00000000f3c00000)
  to   space 28672K, 0% used [0x00000000f5980000,0x00000000f5980000,0x00000000f7580000)
 ParOldGen       total 143872K, used 57531K [0x00000000a0000000, 0x00000000a8c80000, 0x00000000e0000000)
  object space 143872K, 39% used [0x00000000a0000000,0x00000000a382ee28,0x00000000a8c80000)
 Metaspace       used 92243K, capacity 96436K, committed 96768K, reserved 1132544K
  class space    used 12166K, capacity 12971K, committed 13056K, reserved 1048576K
GC Heap History (10 events):
Event: 17.726 GC heap before
{Heap before GC invocations=16 (full 3):
 PSYoungGen      total 264704K, used 262221K [0x00000000e0000000, 0x00000000f2180000, 0x0000000100000000)
  eden space 240640K, 100% used [0x00000000e0000000,0x00000000eeb00000,0x00000000eeb00000)
  from space 24064K, 89% used [0x00000000f0500000,0x00000000f1a13478,0x00000000f1c80000)
  to   space 26624K, 0% used [0x00000000eeb00000,0x00000000eeb00000,0x00000000f0500000)
 ParOldGen       total 143872K, used 35936K [0x00000000a0000000, 0x00000000a8c80000, 0x00000000e0000000)
  object space 143872K, 24% used [0x00000000a0000000,0x00000000a23180d8,0x00000000a8c80000)
 Metaspace       used 80806K, capacity 84256K, committed 84480K, reserved 1122304K
  class space    used 11052K, capacity 11717K, committed 11776K, reserved 1048576K
Event: 17.780 GC heap after
Heap after GC invocations=16 (full 3):
 PSYoungGen      total 267264K, used 26615K [0x00000000e0000000, 0x00000000f5c00000, 0x0000000100000000)
  eden space 240640K, 0% used [0x00000000e0000000,0x00000000e0000000,0x00000000eeb00000)
  from space 26624K, 99% used [0x00000000eeb00000,0x00000000f04fde78,0x00000000f0500000)
  to   space 32768K, 0% used [0x00000000f3c00000,0x00000000f3c00000,0x00000000f5c00000)
 ParOldGen       total 143872K, used 41324K [0x00000000a0000000, 0x00000000a8c80000, 0x00000000e0000000)
  object space 143872K, 28% used [0x00000000a0000000,0x00000000a285b220,0x00000000a8c80000)
 Metaspace       used 80806K, capacity 84256K, committed 84480K, reserved 1122304K
  class space    used 11052K, capacity 11717K, committed 11776K, reserved 1048576K
}
Event: 19.779 GC heap before
{Heap before GC invocations=17 (full 3):
 PSYoungGen      total 267264K, used 267255K [0x00000000e0000000, 0x00000000f5c00000, 0x0000000100000000)
  eden space 240640K, 100% used [0x00000000e0000000,0x00000000eeb00000,0x00000000eeb00000)
  from space 26624K, 99% used [0x00000000eeb00000,0x00000000f04fde78,0x00000000f0500000)
  to   space 32768K, 0% used [0x00000000f3c00000,0x00000000f3c00000,0x00000000f5c00000)
 ParOldGen       total 143872K, used 41324K [0x00000000a0000000, 0x00000000a8c80000, 0x00000000e0000000)
  object space 143872K, 28% used [0x00000000a0000000,0x00000000a285b220,0x00000000a8c80000)
 Metaspace       used 82372K, capacity 86030K, committed 86144K, reserved 1124352K
  class space    used 11167K, capacity 11874K, committed 11904K, reserved 1048576K
Event: 19.864 GC heap after
Heap after GC invocations=17 (full 3):
 PSYoungGen      total 325632K, used 13916K [0x00000000e0000000, 0x00000000f5e80000, 0x0000000100000000)
  eden space 292864K, 0% used [0x00000000e0000000,0x00000000e0000000,0x00000000f1e00000)
  from space 32768K, 42% used [0x00000000f3c00000,0x00000000f49973f8,0x00000000f5c00000)
  to   space 30720K, 0% used [0x00000000f1e00000,0x00000000f1e00000,0x00000000f3c00000)
 ParOldGen       total 143872K, used 57507K [0x00000000a0000000, 0x00000000a8c80000, 0x00000000e0000000)
  object space 143872K, 39% used [0x00000000a0000000,0x00000000a3828e28,0x00000000a8c80000)
 Metaspace       used 82372K, capacity 86030K, committed 86144K, reserved 1124352K
  class space    used 11167K, capacity 11874K, committed 11904K, reserved 1048576K
}
Event: 21.573 GC heap before
{Heap before GC invocations=18 (full 3):
 PSYoungGen      total 325632K, used 306780K [0x00000000e0000000, 0x00000000f5e80000, 0x0000000100000000)
  eden space 292864K, 100% used [0x00000000e0000000,0x00000000f1e00000,0x00000000f1e00000)
  from space 32768K, 42% used [0x00000000f3c00000,0x00000000f49973f8,0x00000000f5c00000)
  to   space 30720K, 0% used [0x00000000f1e00000,0x00000000f1e00000,0x00000000f3c00000)
 ParOldGen       total 143872K, used 57507K [0x00000000a0000000, 0x00000000a8c80000, 0x00000000e0000000)
  object space 143872K, 39% used [0x00000000a0000000,0x00000000a3828e28,0x00000000a8c80000)
 Metaspace       used 83097K, capacity 86784K, committed 87040K, reserved 1124352K
  class space    used 11209K, capacity 11923K, committed 12032K, reserved 1048576K
Event: 21.604 GC heap after
Heap after GC invocations=18 (full 3):
 PSYoungGen      total 323584K, used 9766K [0x00000000e0000000, 0x00000000f5e80000, 0x0000000100000000)
  eden space 292864K, 0% used [0x00000000e0000000,0x00000000e0000000,0x00000000f1e00000)
  from space 30720K, 31% used [0x00000000f1e00000,0x00000000f2789938,0x00000000f3c00000)
  to   space 32768K, 0% used [0x00000000f3c00000,0x00000000f3c00000,0x00000000f5c00000)
 ParOldGen       total 143872K, used 57515K [0x00000000a0000000, 0x00000000a8c80000, 0x00000000e0000000)
  object space 143872K, 39% used [0x00000000a0000000,0x00000000a382ae28,0x00000000a8c80000)
 Metaspace       used 83097K, capacity 86784K, committed 87040K, reserved 1124352K
  class space    used 11209K, capacity 11923K, committed 12032K, reserved 1048576K
}
Event: 24.127 GC heap before
{Heap before GC invocations=19 (full 3):
 PSYoungGen      total 323584K, used 301399K [0x00000000e0000000, 0x00000000f5e80000, 0x0000000100000000)
  eden space 292864K, 99% used [0x00000000e0000000,0x00000000f1ccc668,0x00000000f1e00000)
  from space 30720K, 31% used [0x00000000f1e00000,0x00000000f2789938,0x00000000f3c00000)
  to   space 32768K, 0% used [0x00000000f3c00000,0x00000000f3c00000,0x00000000f5c00000)
 ParOldGen       total 143872K, used 57515K [0x00000000a0000000, 0x00000000a8c80000, 0x00000000e0000000)
  object space 143872K, 39% used [0x00000000a0000000,0x00000000a382ae28,0x00000000a8c80000)
 Metaspace       used 83863K, capacity 87632K, committed 87808K, reserved 1124352K
  class space    used 11292K, capacity 11991K, committed 12032K, reserved 1048576K
Event: 24.152 GC heap after
Heap after GC invocations=19 (full 3):
 PSYoungGen      total 325632K, used 10973K [0x00000000e0000000, 0x00000000f5e80000, 0x0000000100000000)
  eden space 292864K, 0% used [0x00000000e0000000,0x00000000e0000000,0x00000000f1e00000)
  from space 32768K, 33% used [0x00000000f3c00000,0x00000000f46b7760,0x00000000f5c00000)
  to   space 30720K, 0% used [0x00000000f1e00000,0x00000000f1e00000,0x00000000f3c00000)
 ParOldGen       total 143872K, used 57515K [0x00000000a0000000, 0x00000000a8c80000, 0x00000000e0000000)
  object space 143872K, 39% used [0x00000000a0000000,0x00000000a382ae28,0x00000000a8c80000)
 Metaspace       used 83863K, capacity 87632K, committed 87808K, reserved 1124352K
  class space    used 11292K, capacity 11991K, committed 12032K, reserved 1048576K
}
Event: 1459.361 GC heap before
{Heap before GC invocations=20 (full 3):
 PSYoungGen      total 325632K, used 303837K [0x00000000e0000000, 0x00000000f5e80000, 0x0000000100000000)
  eden space 292864K, 100% used [0x00000000e0000000,0x00000000f1e00000,0x00000000f1e00000)
  from space 32768K, 33% used [0x00000000f3c00000,0x00000000f46b7760,0x00000000f5c00000)
  to   space 30720K, 0% used [0x00000000f1e00000,0x00000000f1e00000,0x00000000f3c00000)
 ParOldGen       total 143872K, used 57515K [0x00000000a0000000, 0x00000000a8c80000, 0x00000000e0000000)
  object space 143872K, 39% used [0x00000000a0000000,0x00000000a382ae28,0x00000000a8c80000)
 Metaspace       used 90622K, capacity 94780K, committed 95104K, reserved 1132544K
  class space    used 12021K, capacity 12811K, committed 12928K, reserved 1048576K
Event: 1459.390 GC heap after
Heap after GC invocations=20 (full 3):
 PSYoungGen      total 323584K, used 17171K [0x00000000e0000000, 0x00000000f7580000, 0x0000000100000000)
  eden space 292864K, 0% used [0x00000000e0000000,0x00000000e0000000,0x00000000f1e00000)
  from space 30720K, 55% used [0x00000000f1e00000,0x00000000f2ec4d08,0x00000000f3c00000)
  to   space 28672K, 0% used [0x00000000f5980000,0x00000000f5980000,0x00000000f7580000)
 ParOldGen       total 143872K, used 57531K [0x00000000a0000000, 0x00000000a8c80000, 0x00000000e0000000)
  object space 143872K, 39% used [0x00000000a0000000,0x00000000a382ee28,0x00000000a8c80000)
 Metaspace       used 90622K, capacity 94780K, committed 95104K, reserved 1132544K
  class space    used 12021K, capacity 12811K, committed 12928K, reserved 1048576K
}

