# JRE version: OpenJDK Runtime Environment (8.0_212-b04) (build 1.8.0_212-release-1586-b04)
# Java VM: OpenJDK 64-Bit Server VM (25.212-b04 mixed mode windows-amd64 compressed oops)
Heap:
 PSYoungGen      total 273408K, used 113397K [0x00000000e0000000, 0x00000000f5800000, 0x0000000100000000)
  eden space 246784K, 35% used [0x00000000e0000000,0x00000000e54c21c8,0x00000000ef100000)
  from space 26624K, 99% used [0x00000000ef100000,0x00000000f0afb3d0,0x00000000f0b00000)
  to   space 32256K, 0% used [0x00000000f3880000,0x00000000f3880000,0x00000000f5800000)
 ParOldGen       total 138752K, used 50696K [0x00000000a0000000, 0x00000000a8780000, 0x00000000e0000000)
  object space 138752K, 36% used [0x00000000a0000000,0x00000000a3182248,0x00000000a8780000)
 Metaspace       used 86378K, capacity 90074K, committed 90240K, reserved 1126400K
  class space    used 11605K, capacity 12300K, committed 12416K, reserved 1048576K
GC Heap History (10 events):
Event: 10.387 GC heap before
{Heap before GC invocations=12 (full 2):
 PSYoungGen      total 176128K, used 117368K [0x00000000e0000000, 0x00000000ef080000, 0x0000000100000000)
  eden space 161792K, 63% used [0x00000000e0000000,0x00000000e64a09c8,0x00000000e9e00000)
  from space 14336K, 99% used [0x00000000e9e00000,0x00000000eabfd7e8,0x00000000eac00000)
  to   space 18432K, 0% used [0x00000000ede80000,0x00000000ede80000,0x00000000ef080000)
 ParOldGen       total 92160K, used 21869K [0x00000000a0000000, 0x00000000a5a00000, 0x00000000e0000000)
  object space 92160K, 23% used [0x00000000a0000000,0x00000000a155b680,0x00000000a5a00000)
 Metaspace       used 57282K, capacity 58988K, committed 59096K, reserved 1099776K
  class space    used 7839K, capacity 8229K, committed 8320K, reserved 1048576K
Event: 10.430 GC heap after
Heap after GC invocations=12 (full 2):
 PSYoungGen      total 224256K, used 18426K [0x00000000e0000000, 0x00000000ef880000, 0x0000000100000000)
  eden space 205824K, 0% used [0x00000000e0000000,0x00000000e0000000,0x00000000ec900000)
  from space 18432K, 99% used [0x00000000ede80000,0x00000000ef07e960,0x00000000ef080000)
  to   space 22016K, 0% used [0x00000000ec900000,0x00000000ec900000,0x00000000ede80000)
 ParOldGen       total 92160K, used 24127K [0x00000000a0000000, 0x00000000a5a00000, 0x00000000e0000000)
  object space 92160K, 26% used [0x00000000a0000000,0x00000000a178fef8,0x00000000a5a00000)
 Metaspace       used 57282K, capacity 58988K, committed 59096K, reserved 1099776K
  class space    used 7839K, capacity 8229K, committed 8320K, reserved 1048576K
}
Event: 10.430 GC heap before
{Heap before GC invocations=13 (full 3):
 PSYoungGen      total 224256K, used 18426K [0x00000000e0000000, 0x00000000ef880000, 0x0000000100000000)
  eden space 205824K, 0% used [0x00000000e0000000,0x00000000e0000000,0x00000000ec900000)
  from space 18432K, 99% used [0x00000000ede80000,0x00000000ef07e960,0x00000000ef080000)
  to   space 22016K, 0% used [0x00000000ec900000,0x00000000ec900000,0x00000000ede80000)
 ParOldGen       total 92160K, used 24127K [0x00000000a0000000, 0x00000000a5a00000, 0x00000000e0000000)
  object space 92160K, 26% used [0x00000000a0000000,0x00000000a178fef8,0x00000000a5a00000)
 Metaspace       used 57282K, capacity 58988K, committed 59096K, reserved 1099776K
  class space    used 7839K, capacity 8229K, committed 8320K, reserved 1048576K
Event: 10.719 GC heap after
Heap after GC invocations=13 (full 3):
 PSYoungGen      total 224256K, used 0K [0x00000000e0000000, 0x00000000ef880000, 0x0000000100000000)
  eden space 205824K, 0% used [0x00000000e0000000,0x00000000e0000000,0x00000000ec900000)
  from space 18432K, 0% used [0x00000000ede80000,0x00000000ede80000,0x00000000ef080000)
  to   space 22016K, 0% used [0x00000000ec900000,0x00000000ec900000,0x00000000ede80000)
 ParOldGen       total 138752K, used 35649K [0x00000000a0000000, 0x00000000a8780000, 0x00000000e0000000)
  object space 138752K, 25% used [0x00000000a0000000,0x00000000a22d04c8,0x00000000a8780000)
 Metaspace       used 57282K, capacity 58988K, committed 59096K, reserved 1099776K
  class space    used 7839K, capacity 8229K, committed 8320K, reserved 1048576K
}
Event: 14.022 GC heap before
{Heap before GC invocations=14 (full 3):
 PSYoungGen      total 224256K, used 205824K [0x00000000e0000000, 0x00000000ef880000, 0x0000000100000000)
  eden space 205824K, 100% used [0x00000000e0000000,0x00000000ec900000,0x00000000ec900000)
  from space 18432K, 0% used [0x00000000ede80000,0x00000000ede80000,0x00000000ef080000)
  to   space 22016K, 0% used [0x00000000ec900000,0x00000000ec900000,0x00000000ede80000)
 ParOldGen       total 138752K, used 35649K [0x00000000a0000000, 0x00000000a8780000, 0x00000000e0000000)
  object space 138752K, 25% used [0x00000000a0000000,0x00000000a22d04c8,0x00000000a8780000)
 Metaspace       used 62738K, capacity 64916K, committed 65152K, reserved 1105920K
  class space    used 8527K, capacity 8991K, committed 9088K, reserved 1048576K
Event: 14.070 GC heap after
Heap after GC invocations=14 (full 3):
 PSYoungGen      total 227840K, used 21985K [0x00000000e0000000, 0x00000000f2580000, 0x0000000100000000)
  eden space 205824K, 0% used [0x00000000e0000000,0x00000000e0000000,0x00000000ec900000)
  from space 22016K, 99% used [0x00000000ec900000,0x00000000ede78610,0x00000000ede80000)
  to   space 25088K, 0% used [0x00000000f0d00000,0x00000000f0d00000,0x00000000f2580000)
 ParOldGen       total 138752K, used 36024K [0x00000000a0000000, 0x00000000a8780000, 0x00000000e0000000)
  object space 138752K, 25% used [0x00000000a0000000,0x00000000a232e070,0x00000000a8780000)
 Metaspace       used 62738K, capacity 64916K, committed 65152K, reserved 1105920K
  class space    used 8527K, capacity 8991K, committed 9088K, reserved 1048576K
}
Event: 18.617 GC heap before
{Heap before GC invocations=15 (full 3):
 PSYoungGen      total 227840K, used 227809K [0x00000000e0000000, 0x00000000f2580000, 0x0000000100000000)
  eden space 205824K, 100% used [0x00000000e0000000,0x00000000ec900000,0x00000000ec900000)
  from space 22016K, 99% used [0x00000000ec900000,0x00000000ede78610,0x00000000ede80000)
  to   space 25088K, 0% used [0x00000000f0d00000,0x00000000f0d00000,0x00000000f2580000)
 ParOldGen       total 138752K, used 36024K [0x00000000a0000000, 0x00000000a8780000, 0x00000000e0000000)
  object space 138752K, 25% used [0x00000000a0000000,0x00000000a232e070,0x00000000a8780000)
 Metaspace       used 69757K, capacity 72256K, committed 72448K, reserved 1112064K
  class space    used 9382K, capacity 9917K, committed 9984K, reserved 1048576K
Event: 18.665 GC heap after
Heap after GC invocations=15 (full 3):
 PSYoungGen      total 271360K, used 19887K [0x00000000e0000000, 0x00000000f2500000, 0x0000000100000000)
  eden space 246784K, 0% used [0x00000000e0000000,0x00000000e0000000,0x00000000ef100000)
  from space 24576K, 80% used [0x00000000f0d00000,0x00000000f206bfb0,0x00000000f2500000)
  to   space 26624K, 0% used [0x00000000ef100000,0x00000000ef100000,0x00000000f0b00000)
 ParOldGen       total 138752K, used 46367K [0x00000000a0000000, 0x00000000a8780000, 0x00000000e0000000)
  object space 138752K, 33% used [0x00000000a0000000,0x00000000a2d47d78,0x00000000a8780000)
 Metaspace       used 69757K, capacity 72256K, committed 72448K, reserved 1112064K
  class space    used 9382K, capacity 9917K, committed 9984K, reserved 1048576K
}
Event: 59.009 GC heap before
{Heap before GC invocations=16 (full 3):
 PSYoungGen      total 271360K, used 266671K [0x00000000e0000000, 0x00000000f2500000, 0x0000000100000000)
  eden space 246784K, 100% used [0x00000000e0000000,0x00000000ef100000,0x00000000ef100000)
  from space 24576K, 80% used [0x00000000f0d00000,0x00000000f206bfb0,0x00000000f2500000)
  to   space 26624K, 0% used [0x00000000ef100000,0x00000000ef100000,0x00000000f0b00000)
 ParOldGen       total 138752K, used 46367K [0x00000000a0000000, 0x00000000a8780000, 0x00000000e0000000)
  object space 138752K, 33% used [0x00000000a0000000,0x00000000a2d47d78,0x00000000a8780000)
 Metaspace       used 86192K, capacity 89860K, committed 89984K, reserved 1126400K
  class space    used 11596K, capacity 12295K, committed 12416K, reserved 1048576K
Event: 59.091 GC heap after
Heap after GC invocations=16 (full 3):
 PSYoungGen      total 273408K, used 26604K [0x00000000e0000000, 0x00000000f5800000, 0x0000000100000000)
  eden space 246784K, 0% used [0x00000000e0000000,0x00000000e0000000,0x00000000ef100000)
  from space 26624K, 99% used [0x00000000ef100000,0x00000000f0afb3d0,0x00000000f0b00000)
  to   space 32256K, 0% used [0x00000000f3880000,0x00000000f3880000,0x00000000f5800000)
 ParOldGen       total 138752K, used 50696K [0x00000000a0000000, 0x00000000a8780000, 0x00000000e0000000)
  object space 138752K, 36% used [0x00000000a0000000,0x00000000a3182248,0x00000000a8780000)
 Metaspace       used 86192K, capacity 89860K, committed 89984K, reserved 1126400K
  class space    used 11596K, capacity 12295K, committed 12416K, reserved 1048576K
}

