# JRE version: OpenJDK Runtime Environment (8.0_212-b04) (build 1.8.0_212-release-1586-b04)
# Java VM: OpenJDK 64-Bit Server VM (25.212-b04 mixed mode windows-amd64 compressed oops)
Heap:
 PSYoungGen      total 303616K, used 79582K [0x00000000e0000000, 0x00000000f4d80000, 0x0000000100000000)
  eden space 268800K, 29% used [0x00000000e0000000,0x00000000e4db7a70,0x00000000f0680000)
  from space 34816K, 0% used [0x00000000f2980000,0x00000000f2980000,0x00000000f4b80000)
  to   space 35840K, 0% used [0x00000000f0680000,0x00000000f0680000,0x00000000f2980000)
 ParOldGen       total 143360K, used 61371K [0x00000000a0000000, 0x00000000a8c00000, 0x00000000e0000000)
  object space 143360K, 42% used [0x00000000a0000000,0x00000000a3beec48,0x00000000a8c00000)
 Metaspace       used 90673K, capacity 94350K, committed 96640K, reserved 1132544K
  class space    used 11649K, capacity 12379K, committed 12928K, reserved 1048576K
GC Heap History (10 events):
Event: 2262.408 GC heap before
{Heap before GC invocations=16 (full 3):
 PSYoungGen      total 258560K, used 258549K [0x00000000e0000000, 0x00000000f2180000, 0x0000000100000000)
  eden space 234496K, 100% used [0x00000000e0000000,0x00000000ee500000,0x00000000ee500000)
  from space 24064K, 99% used [0x00000000f0200000,0x00000000f197d700,0x00000000f1980000)
  to   space 29696K, 0% used [0x00000000ee500000,0x00000000ee500000,0x00000000f0200000)
 ParOldGen       total 143360K, used 37557K [0x00000000a0000000, 0x00000000a8c00000, 0x00000000e0000000)
  object space 143360K, 26% used [0x00000000a0000000,0x00000000a24ad480,0x00000000a8c00000)
 Metaspace       used 84526K, capacity 88280K, committed 88704K, reserved 1126400K
  class space    used 11007K, capacity 11777K, committed 11904K, reserved 1048576K
Event: 2262.592 GC heap after
Heap after GC invocations=16 (full 3):
 PSYoungGen      total 264192K, used 29668K [0x00000000e0000000, 0x00000000f6280000, 0x0000000100000000)
  eden space 234496K, 0% used [0x00000000e0000000,0x00000000e0000000,0x00000000ee500000)
  from space 29696K, 99% used [0x00000000ee500000,0x00000000f01f92f0,0x00000000f0200000)
  to   space 36864K, 0% used [0x00000000f3e80000,0x00000000f3e80000,0x00000000f6280000)
 ParOldGen       total 143360K, used 46026K [0x00000000a0000000, 0x00000000a8c00000, 0x00000000e0000000)
  object space 143360K, 32% used [0x00000000a0000000,0x00000000a2cf2898,0x00000000a8c00000)
 Metaspace       used 84526K, capacity 88280K, committed 88704K, reserved 1126400K
  class space    used 11007K, capacity 11777K, committed 11904K, reserved 1048576K
}
Event: 2684.019 GC heap before
{Heap before GC invocations=17 (full 3):
 PSYoungGen      total 264192K, used 264164K [0x00000000e0000000, 0x00000000f6280000, 0x0000000100000000)
  eden space 234496K, 100% used [0x00000000e0000000,0x00000000ee500000,0x00000000ee500000)
  from space 29696K, 99% used [0x00000000ee500000,0x00000000f01f92f0,0x00000000f0200000)
  to   space 36864K, 0% used [0x00000000f3e80000,0x00000000f3e80000,0x00000000f6280000)
 ParOldGen       total 143360K, used 46026K [0x00000000a0000000, 0x00000000a8c00000, 0x00000000e0000000)
  object space 143360K, 32% used [0x00000000a0000000,0x00000000a2cf2898,0x00000000a8c00000)
 Metaspace       used 85691K, capacity 90054K, committed 90112K, reserved 1128448K
  class space    used 11104K, capacity 11974K, committed 12032K, reserved 1048576K
Event: 2684.112 GC heap after
Heap after GC invocations=17 (full 3):
 PSYoungGen      total 304640K, used 13101K [0x00000000e0000000, 0x00000000f5680000, 0x0000000100000000)
  eden space 280064K, 0% used [0x00000000e0000000,0x00000000e0000000,0x00000000f1180000)
  from space 24576K, 53% used [0x00000000f3e80000,0x00000000f4b4b738,0x00000000f5680000)
  to   space 35328K, 0% used [0x00000000f1180000,0x00000000f1180000,0x00000000f3400000)
 ParOldGen       total 143360K, used 63531K [0x00000000a0000000, 0x00000000a8c00000, 0x00000000e0000000)
  object space 143360K, 44% used [0x00000000a0000000,0x00000000a3e0afc0,0x00000000a8c00000)
 Metaspace       used 85691K, capacity 90054K, committed 90112K, reserved 1128448K
  class space    used 11104K, capacity 11974K, committed 12032K, reserved 1048576K
}
Event: 7751.998 GC heap before
{Heap before GC invocations=18 (full 3):
 PSYoungGen      total 304640K, used 293165K [0x00000000e0000000, 0x00000000f5680000, 0x0000000100000000)
  eden space 280064K, 100% used [0x00000000e0000000,0x00000000f1180000,0x00000000f1180000)
  from space 24576K, 53% used [0x00000000f3e80000,0x00000000f4b4b738,0x00000000f5680000)
  to   space 35328K, 0% used [0x00000000f1180000,0x00000000f1180000,0x00000000f3400000)
 ParOldGen       total 143360K, used 63531K [0x00000000a0000000, 0x00000000a8c00000, 0x00000000e0000000)
  object space 143360K, 44% used [0x00000000a0000000,0x00000000a3e0afc0,0x00000000a8c00000)
 Metaspace       used 88777K, capacity 93452K, committed 93568K, reserved 1130496K
  class space    used 11484K, capacity 12411K, committed 12416K, reserved 1048576K
Event: 7752.078 GC heap after
Heap after GC invocations=18 (full 3):
 PSYoungGen      total 288768K, used 18803K [0x00000000e0000000, 0x00000000f4b80000, 0x0000000100000000)
  eden space 269824K, 0% used [0x00000000e0000000,0x00000000e0000000,0x00000000f0780000)
  from space 18944K, 99% used [0x00000000f1180000,0x00000000f23dcc98,0x00000000f2400000)
  to   space 34816K, 0% used [0x00000000f2980000,0x00000000f2980000,0x00000000f4b80000)
 ParOldGen       total 143360K, used 63539K [0x00000000a0000000, 0x00000000a8c00000, 0x00000000e0000000)
  object space 143360K, 44% used [0x00000000a0000000,0x00000000a3e0cfc0,0x00000000a8c00000)
 Metaspace       used 88777K, capacity 93452K, committed 93568K, reserved 1130496K
  class space    used 11484K, capacity 12411K, committed 12416K, reserved 1048576K
}
Event: 7770.576 GC heap before
{Heap before GC invocations=19 (full 3):
 PSYoungGen      total 288768K, used 219793K [0x00000000e0000000, 0x00000000f4b80000, 0x0000000100000000)
  eden space 269824K, 74% used [0x00000000e0000000,0x00000000ec447ab8,0x00000000f0780000)
  from space 18944K, 99% used [0x00000000f1180000,0x00000000f23dcc98,0x00000000f2400000)
  to   space 34816K, 0% used [0x00000000f2980000,0x00000000f2980000,0x00000000f4b80000)
 ParOldGen       total 143360K, used 63539K [0x00000000a0000000, 0x00000000a8c00000, 0x00000000e0000000)
  object space 143360K, 44% used [0x00000000a0000000,0x00000000a3e0cfc0,0x00000000a8c00000)
 Metaspace       used 91446K, capacity 96290K, committed 96640K, reserved 1132544K
  class space    used 11844K, capacity 12806K, committed 12928K, reserved 1048576K
Event: 7770.619 GC heap after
Heap after GC invocations=19 (full 3):
 PSYoungGen      total 303616K, used 23594K [0x00000000e0000000, 0x00000000f4d80000, 0x0000000100000000)
  eden space 268800K, 0% used [0x00000000e0000000,0x00000000e0000000,0x00000000f0680000)
  from space 34816K, 67% used [0x00000000f2980000,0x00000000f408ab68,0x00000000f4b80000)
  to   space 35840K, 0% used [0x00000000f0680000,0x00000000f0680000,0x00000000f2980000)
 ParOldGen       total 143360K, used 63547K [0x00000000a0000000, 0x00000000a8c00000, 0x00000000e0000000)
  object space 143360K, 44% used [0x00000000a0000000,0x00000000a3e0efc0,0x00000000a8c00000)
 Metaspace       used 91446K, capacity 96290K, committed 96640K, reserved 1132544K
  class space    used 11844K, capacity 12806K, committed 12928K, reserved 1048576K
}
Event: 7770.619 GC heap before
{Heap before GC invocations=20 (full 4):
 PSYoungGen      total 303616K, used 23594K [0x00000000e0000000, 0x00000000f4d80000, 0x0000000100000000)
  eden space 268800K, 0% used [0x00000000e0000000,0x00000000e0000000,0x00000000f0680000)
  from space 34816K, 67% used [0x00000000f2980000,0x00000000f408ab68,0x00000000f4b80000)
  to   space 35840K, 0% used [0x00000000f0680000,0x00000000f0680000,0x00000000f2980000)
 ParOldGen       total 143360K, used 63547K [0x00000000a0000000, 0x00000000a8c00000, 0x00000000e0000000)
  object space 143360K, 44% used [0x00000000a0000000,0x00000000a3e0efc0,0x00000000a8c00000)
 Metaspace       used 91446K, capacity 96290K, committed 96640K, reserved 1132544K
  class space    used 11844K, capacity 12806K, committed 12928K, reserved 1048576K
Event: 7771.112 GC heap after
Heap after GC invocations=20 (full 4):
 PSYoungGen      total 303616K, used 0K [0x00000000e0000000, 0x00000000f4d80000, 0x0000000100000000)
  eden space 268800K, 0% used [0x00000000e0000000,0x00000000e0000000,0x00000000f0680000)
  from space 34816K, 0% used [0x00000000f2980000,0x00000000f2980000,0x00000000f4b80000)
  to   space 35840K, 0% used [0x00000000f0680000,0x00000000f0680000,0x00000000f2980000)
 ParOldGen       total 143360K, used 61371K [0x00000000a0000000, 0x00000000a8c00000, 0x00000000e0000000)
  object space 143360K, 42% used [0x00000000a0000000,0x00000000a3beec48,0x00000000a8c00000)
 Metaspace       used 90062K, capacity 93530K, committed 96640K, reserved 1132544K
  class space    used 11558K, capacity 12245K, committed 12928K, reserved 1048576K
}

